<?xml version="1.0" encoding="UTF-8"?>
<testsuite name="pl.lukaszparadylo.gamers.GamersTest" tests="3" skipped="0" failures="0" errors="0" timestamp="2022-01-13T16:50:44" hostname="LAPTOP-K0G3GO4J" time="0.006">
  <properties/>
  <testcase name="getNameTest()" classname="pl.lukaszparadylo.gamers.GamersTest" time="0.002"/>
  <testcase name="makeMoveTest()" classname="pl.lukaszparadylo.gamers.GamersTest" time="0.001"/>
  <testcase name="scoreTest()" classname="pl.lukaszparadylo.gamers.GamersTest" time="0.001"/>
  <system-out><![CDATA[]]></system-out>
  <system-err><![CDATA[]]></system-err>
</testsuite>
