<?xml version="1.0" encoding="UTF-8"?>
<testsuite name="pl.lukaszparadylo.judge.Judge2Test" tests="1" skipped="0" failures="0" errors="0" timestamp="2022-01-13T16:50:44" hostname="LAPTOP-K0G3GO4J" time="0.003">
  <properties/>
  <testcase name="checkWhoWon()" classname="pl.lukaszparadylo.judge.Judge2Test" time="0.003"/>
  <system-out><![CDATA[]]></system-out>
  <system-err><![CDATA[]]></system-err>
</testsuite>
